2025-08-21 08:03:11,932 [INFO] Database is empty. Fetching 5 years of historical data...
2025-08-21 08:03:11,932 [INFO] Fetching data for stock: AAPL from 2020-08-22 to 2025-08-21...
2025-08-21 08:03:12,824 [INFO] Fetching data for stock: GOOGL from 2020-08-22 to 2025-08-21...
2025-08-21 08:03:13,238 [INFO] Fetching data for stock: MSFT from 2020-08-22 to 2025-08-21...
2025-08-21 08:03:13,640 [INFO] Fetching data for stock: AMZN from 2020-08-22 to 2025-08-21...
2025-08-21 08:03:13,972 [INFO] Fetching data for stock: TSLA from 2020-08-22 to 2025-08-21...
2025-08-21 08:03:14,306 [INFO] Fetching data for stock: META from 2020-08-22 to 2025-08-21...
2025-08-21 08:03:14,668 [INFO] Fetching data for stock: NVDA from 2020-08-22 to 2025-08-21...
2025-08-21 08:03:15,151 [INFO] Inserted/updated 1254 rows for AAPL in D:/Stock_Analysis/data/AAPL.db.
2025-08-21 08:03:15,233 [INFO] Inserted/updated 1254 rows for GOOGL in D:/Stock_Analysis/data/GOOGL.db.
2025-08-21 08:03:15,316 [INFO] Inserted/updated 1254 rows for MSFT in D:/Stock_Analysis/data/MSFT.db.
2025-08-21 08:03:15,406 [INFO] Inserted/updated 1254 rows for AMZN in D:/Stock_Analysis/data/AMZN.db.
2025-08-21 08:03:15,543 [INFO] Inserted/updated 1254 rows for TSLA in D:/Stock_Analysis/data/TSLA.db.
2025-08-21 08:03:15,651 [INFO] Inserted/updated 1254 rows for META in D:/Stock_Analysis/data/META.db.
2025-08-21 08:03:15,753 [INFO] Inserted/updated 1254 rows for NVDA in D:/Stock_Analysis/data/NVDA.db.
2025-08-21 08:03:15,826 [INFO] Sample data for AAPL:
         Date Stock        Open        High         Low       Close   Adj_Close     Volume  Daily_Return  Volatility  MA20  MA50  Sharpe_Ratio
0  2020-08-20  AAPL  115.750000  118.392502  115.732498  118.275002  115.048195  126907200           NaN         NaN   NaN   NaN           NaN
1  2020-08-21  AAPL  119.262497  124.867500  119.250000  124.370003  120.976921  338054800      0.051532         NaN   NaN   NaN           NaN
2  2020-08-24  AAPL  128.697495  128.785004  123.937500  125.857498  122.423836  345937600           NaN         NaN   NaN   NaN           NaN
3  2020-08-25  AAPL  124.697502  125.180000  123.052498  124.824997  121.419495  211495600     -0.008204         NaN   NaN   NaN           NaN
4  2020-08-26  AAPL  126.180000  126.992500  125.082497  126.522499  123.070679  163022400      0.013599         NaN   NaN   NaN           NaN
2025-08-21 08:03:15,842 [INFO] Sample data for GOOGL:
         Date  Stock       Open       High        Low      Close  Adj_Close    Volume  Daily_Return  Volatility  MA20  MA50  Sharpe_Ratio
0  2020-08-20  GOOGL  76.998497  79.008499  76.723000  78.812500  78.342651  26382000           NaN         NaN   NaN   NaN           NaN
1  2020-08-21  GOOGL  78.589996  79.594002  78.115501  78.778503  78.308853  34838000     -0.000431         NaN   NaN   NaN           NaN
2  2020-08-24  GOOGL  79.623497  80.439003  78.751999  79.257500  78.784996  25638000           NaN         NaN   NaN   NaN           NaN
3  2020-08-25  GOOGL  79.004997  80.444000  78.893997  80.292503  79.813828  25150000      0.013059         NaN   NaN   NaN           NaN
4  2020-08-26  GOOGL  80.315002  82.639503  80.049004  82.206497  81.716415  52188000      0.023838         NaN   NaN   NaN           NaN
2025-08-21 08:03:15,859 [INFO] Sample data for MSFT:
         Date Stock        Open        High         Low       Close   Adj_Close    Volume  Daily_Return  Volatility  MA20  MA50  Sharpe_Ratio
0  2020-08-20  MSFT  209.539993  215.000000  208.910004  214.580002  206.082962  26981500           NaN         NaN   NaN   NaN           NaN
1  2020-08-21  MSFT  213.860001  216.250000  212.850006  213.020004  204.584763  36249300     -0.007270         NaN   NaN   NaN           NaN
2  2020-08-24  MSFT  214.789993  215.520004  212.429993  213.690002  205.228195  25460100           NaN         NaN   NaN   NaN           NaN
3  2020-08-25  MSFT  213.100006  216.610001  213.100006  216.470001  207.898163  23043700      0.013009         NaN   NaN   NaN           NaN
4  2020-08-26  MSFT  217.880005  222.089996  217.360001  221.149994  212.392807  39600800      0.021620         NaN   NaN   NaN           NaN
2025-08-21 08:03:15,876 [INFO] Sample data for AMZN:
         Date Stock        Open        High         Low       Close   Adj_Close     Volume  Daily_Return  Volatility  MA20  MA50  Sharpe_Ratio
0  2020-08-20  AMZN  162.600006  165.630997  161.899994  164.868500  164.868500   66650000           NaN         NaN   NaN   NaN           NaN
1  2020-08-21  AMZN  164.750000  165.720001  163.769501  164.235992  164.235992   71518000     -0.003836         NaN   NaN   NaN           NaN
2  2020-08-24  AMZN  165.507507  169.016006  162.878006  165.373001  165.373001   93326000           NaN         NaN   NaN   NaN           NaN
3  2020-08-25  AMZN  164.749496  167.869995  163.350006  167.324493  167.324493   79856000      0.011801         NaN   NaN   NaN           NaN
4  2020-08-26  AMZN  167.555496  172.587006  167.228500  172.092499  172.092499  130174000      0.028496         NaN   NaN   NaN           NaN
2025-08-21 08:03:15,884 [INFO] Sample data for TSLA:
         Date Stock        Open        High         Low       Close   Adj_Close     Volume  Daily_Return  Volatility  MA20  MA50  Sharpe_Ratio
0  2020-08-20  TSLA  124.045334  134.799332  123.804001  133.455338  133.455338  309177000           NaN         NaN   NaN   NaN           NaN
1  2020-08-21  TSLA  136.317337  139.699326  135.003326  136.665329  136.665329  322344000      0.024053         NaN   NaN   NaN           NaN
2  2020-08-24  TSLA  141.751999  141.933334  128.501328  134.279999  134.279999  300954000           NaN         NaN   NaN   NaN           NaN
3  2020-08-25  TSLA  131.659332  135.196671  131.199997  134.889328  134.889328  159883500      0.004538         NaN   NaN   NaN           NaN
4  2020-08-26  TSLA  137.333328  144.399994  136.908661  143.544662  143.544662  213591000      0.064166         NaN   NaN   NaN           NaN
2025-08-21 08:03:15,900 [INFO] Sample data for META:
         Date Stock        Open        High         Low       Close   Adj_Close    Volume  Daily_Return  Volatility  MA20  MA50  Sharpe_Ratio
0  2020-08-20  META  261.500000  269.630005  261.459991  269.010010  267.542297  20299700           NaN         NaN   NaN   NaN           NaN
1  2020-08-21  META  268.690002  270.489990  266.420013  267.010010  265.553162  15538600     -0.007435         NaN   NaN   NaN           NaN
2  2020-08-24  META  271.070007  277.250000  268.769989  271.390015  269.909271  23685600           NaN         NaN   NaN   NaN           NaN
3  2020-08-25  META  272.410004  283.089996  270.260010  280.820007  279.287811  42127200      0.034747         NaN   NaN   NaN           NaN
4  2020-08-26  META  284.000000  304.670013  284.000000  303.910004  302.251801  69015200      0.082223         NaN   NaN   NaN           NaN
2025-08-21 08:03:15,918 [INFO] Sample data for NVDA:
         Date Stock      Open      High       Low     Close  Adj_Close     Volume  Daily_Return  Volatility  MA20  MA50  Sharpe_Ratio
0  2020-08-20  NVDA  11.97500  12.37500  11.87875  12.14100  12.101112  921388000           NaN         NaN   NaN   NaN           NaN
1  2020-08-21  NVDA  12.20175  12.80875  12.19525  12.68350  12.641831  999868000      0.044683         NaN   NaN   NaN           NaN
2  2020-08-24  NVDA  12.88375  12.91250  12.50750  12.72025  12.678460  490564000           NaN         NaN   NaN   NaN           NaN
3  2020-08-25  NVDA  12.63075  12.76125  12.57375  12.75000  12.708113  289076000      0.002339         NaN   NaN   NaN           NaN
4  2020-08-26  NVDA  12.79925  12.86850  12.67775  12.77300  12.731036  321244000      0.001804         NaN   NaN   NaN           NaN
2025-08-21 08:03:15,925 [INFO] Adding job tentatively -- it will be properly scheduled when the scheduler starts
2025-08-21 08:03:15,925 [INFO] Daily scheduler started (non-blocking). Waiting for jobs...
2025-08-21 08:03:15,925 [INFO] Added job "fetch_and_store_daily" to job store "default"
2025-08-21 08:03:15,925 [INFO] Scheduler started
2025-08-21 08:05:47,371 [INFO] Database is empty. Fetching 5 years of historical data...
2025-08-21 08:05:47,371 [INFO] Fetching data for stock: AAPL from 2020-08-22 to 2025-08-21...
2025-08-21 08:05:48,572 [INFO] Inserted/updated 1254 rows for AAPL in D:/AAPL_STOCK_APP/AAPL.db.
2025-08-21 08:05:48,629 [INFO] Sample data for AAPL:
         Date Stock        Open        High         Low       Close   Adj_Close     Volume  Daily_Return  Volatility  MA20  MA50  Sharpe_Ratio
0  2020-08-24  AAPL  128.697495  128.785004  123.937500  125.857498  122.423813  345937600           NaN         NaN   NaN   NaN           NaN
1  2020-08-25  AAPL  124.697502  125.180000  123.052498  124.824997  121.419502  211495600     -0.008204         NaN   NaN   NaN           NaN
2  2020-08-26  AAPL  126.180000  126.992500  125.082497  126.522499  123.070694  163022400      0.013599         NaN   NaN   NaN           NaN
3  2020-08-27  AAPL  127.142502  127.485001  123.832497  125.010002  121.599472  155552400     -0.011954         NaN   NaN   NaN           NaN
4  2020-08-28  AAPL  126.012497  126.442497  124.577499  124.807503  121.402466  187630000     -0.001620         NaN   NaN   NaN           NaN
2025-08-21 08:05:48,630 [INFO] Adding job tentatively -- it will be properly scheduled when the scheduler starts
2025-08-21 08:05:48,630 [INFO] Daily scheduler started (non-blocking). Waiting for jobs...
2025-08-21 08:05:48,630 [INFO] Added job "fetch_and_store_daily" to job store "default"
2025-08-21 08:05:48,630 [INFO] Scheduler started
2025-08-21 08:06:15,226 [INFO] Database is empty. Fetching 5 years of historical data...
2025-08-21 08:06:15,226 [INFO] Fetching data for stock: AAPL from 2020-08-22 to 2025-08-21...
2025-08-21 08:06:16,056 [INFO] Inserted/updated 1254 rows for AAPL in D:/AAPL_STOCK_APP/AAPL.db.
2025-08-21 08:06:16,137 [INFO] Sample data for AAPL:
         Date Stock        Open        High         Low       Close   Adj_Close     Volume  Daily_Return  Volatility  MA20  MA50  Sharpe_Ratio
0  2020-08-24  AAPL  128.697495  128.785004  123.937500  125.857498  122.423813  345937600           NaN         NaN   NaN   NaN           NaN
1  2020-08-25  AAPL  124.697502  125.180000  123.052498  124.824997  121.419495  211495600     -0.008204         NaN   NaN   NaN           NaN
2  2020-08-26  AAPL  126.180000  126.992500  125.082497  126.522499  123.070679  163022400      0.013599         NaN   NaN   NaN           NaN
3  2020-08-27  AAPL  127.142502  127.485001  123.832497  125.010002  121.599464  155552400     -0.011954         NaN   NaN   NaN           NaN
4  2020-08-28  AAPL  126.012497  126.442497  124.577499  124.807503  121.402489  187630000     -0.001620         NaN   NaN   NaN           NaN
2025-08-21 08:06:16,153 [INFO] Adding job tentatively -- it will be properly scheduled when the scheduler starts
2025-08-21 08:06:16,153 [INFO] Daily scheduler started (non-blocking). Waiting for jobs...
2025-08-21 08:06:16,153 [INFO] Added job "fetch_and_store_daily" to job store "default"
2025-08-21 08:06:16,153 [INFO] Scheduler started
2025-08-24 07:02:04,997 [INFO] Database is empty. Fetching 5 years of historical data...
2025-08-24 07:02:05,013 [INFO] Fetching data for stock: AAPL from 2020-08-25 to 2025-08-24...
2025-08-24 07:02:09,218 [INFO] Inserted/updated 1255 rows for AAPL in D:/AAPL_STOCK_APP/AAPL.db.
2025-08-24 07:02:09,275 [INFO] Sample data for AAPL:
         Date Stock        Open        High         Low       Close   Adj_Close     Volume  Daily_Return  Volatility  MA20  MA50  Sharpe_Ratio
0  2020-08-25  AAPL  124.697502  125.180000  123.052498  124.824997  121.419495  211495600           NaN         NaN   NaN   NaN           NaN
1  2020-08-26  AAPL  126.180000  126.992500  125.082497  126.522499  123.070679  163022400      0.013599         NaN   NaN   NaN           NaN
2  2020-08-27  AAPL  127.142502  127.485001  123.832497  125.010002  121.599449  155552400     -0.011954         NaN   NaN   NaN           NaN
3  2020-08-28  AAPL  126.012497  126.442497  124.577499  124.807503  121.402473  187630000     -0.001620         NaN   NaN   NaN           NaN
4  2020-08-31  AAPL  127.580002  131.000000  126.000000  129.039993  125.519524  225702700      0.033912         NaN   NaN   NaN           NaN
2025-08-24 07:02:09,279 [INFO] Adding job tentatively -- it will be properly scheduled when the scheduler starts
2025-08-24 07:02:09,279 [INFO] Daily scheduler started (non-blocking). Waiting for jobs...
2025-08-24 07:02:09,279 [INFO] Added job "fetch_and_store_daily" to job store "default"
2025-08-24 07:02:09,279 [INFO] Scheduler started
2025-08-24 07:51:04,833 [INFO] [31m[1mWARNING: This is a development server. Do not use it in a production deployment. Use a production WSGI server instead.[0m
 * Running on http://127.0.0.1:5000
2025-08-24 07:51:04,833 [INFO] [33mPress CTRL+C to quit[0m
2025-08-24 07:51:04,835 [INFO]  * Restarting with stat
2025-08-24 07:51:09,785 [WARNING]  * Debugger is active!
2025-08-24 07:51:09,786 [INFO]  * Debugger PIN: 431-673-064
2025-08-24 07:51:18,290 [WARNING] You are saving your model as an HDF5 file via `model.save()` or `keras.saving.save_model(model)`. This file format is considered legacy. We recommend using instead the native Keras format, e.g. `model.save('my_model.keras')` or `keras.saving.save_model(model, 'my_model.keras')`. 
2025-08-24 07:51:18,343 [INFO] Model saved/updated. Last RMSE: 101.04
2025-08-24 07:51:18,354 [INFO] 127.0.0.1 - - [24/Aug/2025 07:51:18] "GET / HTTP/1.1" 200 -
2025-08-24 07:51:38,131 [WARNING] Compiled the loaded model, but the compiled metrics have yet to be built. `model.compile_metrics` will be empty until you train or evaluate the model.
2025-08-24 07:56:19,232 [INFO] [31m[1mWARNING: This is a development server. Do not use it in a production deployment. Use a production WSGI server instead.[0m
 * Running on http://127.0.0.1:5000
2025-08-24 07:56:19,232 [INFO] [33mPress CTRL+C to quit[0m
2025-08-24 07:56:19,232 [INFO]  * Restarting with stat
2025-08-24 07:56:23,642 [WARNING]  * Debugger is active!
2025-08-24 07:56:23,644 [INFO]  * Debugger PIN: 431-673-064
2025-08-24 07:56:42,882 [INFO] 127.0.0.1 - - [24/Aug/2025 07:56:42] "[35m[1mGET / HTTP/1.1[0m" 500 -
2025-08-24 07:56:42,981 [INFO] 127.0.0.1 - - [24/Aug/2025 07:56:42] "GET /?__debugger__=yes&cmd=resource&f=style.css HTTP/1.1" 200 -
2025-08-24 07:56:43,008 [INFO] 127.0.0.1 - - [24/Aug/2025 07:56:43] "GET /?__debugger__=yes&cmd=resource&f=debugger.js HTTP/1.1" 200 -
2025-08-24 07:56:43,052 [INFO] 127.0.0.1 - - [24/Aug/2025 07:56:43] "GET /?__debugger__=yes&cmd=resource&f=console.png&s=gwVfbvdm0zHnT5hEqAjH HTTP/1.1" 200 -
2025-08-24 07:56:43,061 [INFO] 127.0.0.1 - - [24/Aug/2025 07:56:43] "GET /?__debugger__=yes&cmd=resource&f=console.png HTTP/1.1" 200 -
2025-08-24 07:59:59,615 [INFO]  * Detected change in 'D:\\Users\\Nadia\\MyProjects\\aapl_stock_app\\app.py', reloading
2025-08-24 08:00:00,196 [INFO]  * Restarting with stat
2025-08-24 08:00:57,883 [INFO] [31m[1mWARNING: This is a development server. Do not use it in a production deployment. Use a production WSGI server instead.[0m
 * Running on http://127.0.0.1:5000
2025-08-24 08:00:57,883 [INFO] [33mPress CTRL+C to quit[0m
2025-08-24 08:00:57,885 [INFO]  * Restarting with stat
2025-08-24 08:01:03,113 [WARNING]  * Debugger is active!
2025-08-24 08:01:03,114 [INFO]  * Debugger PIN: 431-673-064
2025-08-24 08:01:10,262 [INFO] Model saved/updated. Last RMSE: 100.65
2025-08-24 08:01:10,271 [INFO] 127.0.0.1 - - [24/Aug/2025 08:01:10] "GET / HTTP/1.1" 200 -
2025-08-24 08:01:15,172 [INFO] Model saved/updated. Last RMSE: 100.65
2025-08-24 08:01:15,349 [INFO] 127.0.0.1 - - [24/Aug/2025 08:01:15] "POST / HTTP/1.1" 200 -
2025-08-24 08:25:03,814 [INFO]  * Detected change in 'D:\\Users\\Nadia\\MyProjects\\aapl_stock_app\\app.py', reloading
2025-08-24 08:25:04,484 [INFO]  * Restarting with stat
2025-08-24 08:25:09,448 [WARNING]  * Debugger is active!
2025-08-24 08:25:09,451 [INFO]  * Debugger PIN: 431-673-064
2025-08-24 08:25:13,823 [INFO]  * Detected change in 'D:\\Users\\Nadia\\MyProjects\\aapl_stock_app\\app.py', reloading
2025-08-24 08:25:14,402 [INFO]  * Restarting with stat
2025-08-24 08:25:19,550 [WARNING]  * Debugger is active!
2025-08-24 08:25:19,551 [INFO]  * Debugger PIN: 431-673-064
2025-08-24 08:46:32,457 [INFO] Model saved/updated. Last RMSE: 100.65
2025-08-24 08:46:32,908 [INFO] 127.0.0.1 - - [24/Aug/2025 08:46:32] "POST / HTTP/1.1" 200 -
2025-08-24 08:47:12,158 [INFO]  * Detected change in 'D:\\Users\\Nadia\\MyProjects\\aapl_stock_app\\app.py', reloading
2025-08-24 08:47:12,791 [INFO]  * Restarting with stat
2025-08-24 08:47:17,666 [WARNING]  * Debugger is active!
2025-08-24 08:47:17,666 [INFO]  * Debugger PIN: 431-673-064
2025-08-24 08:47:24,180 [INFO]  * Detected change in 'D:\\Users\\Nadia\\MyProjects\\aapl_stock_app\\app.py', reloading
2025-08-24 08:47:24,770 [INFO]  * Restarting with stat
2025-08-24 08:47:29,769 [WARNING]  * Debugger is active!
2025-08-24 08:47:29,769 [INFO]  * Debugger PIN: 431-673-064
2025-08-24 08:48:14,473 [INFO] Model adjusted due to high RMSE: 100.65
2025-08-24 08:48:14,504 [INFO] Model saved/updated. Last RMSE: 100.65
2025-08-24 08:48:14,921 [INFO] 127.0.0.1 - - [24/Aug/2025 08:48:14] "POST / HTTP/1.1" 200 -
2025-08-24 08:48:59,092 [INFO] Model saved/updated. Last RMSE: 6.57
2025-08-24 08:48:59,246 [INFO] 127.0.0.1 - - [24/Aug/2025 08:48:59] "POST / HTTP/1.1" 200 -
2025-08-24 08:49:39,282 [WARNING] 5 out of the last 15 calls to <function TensorFlowTrainer.make_predict_function.<locals>.one_step_on_data_distributed at 0x000001E23BF46840> triggered tf.function retracing. Tracing is expensive and the excessive number of tracings could be due to (1) creating @tf.function repeatedly in a loop, (2) passing tensors with different shapes, (3) passing Python objects instead of tensors. For (1), please define your @tf.function outside of the loop. For (2), @tf.function has reduce_retracing=True option that can avoid unnecessary retracing. For (3), please refer to https://www.tensorflow.org/guide/function#controlling_retracing and https://www.tensorflow.org/api_docs/python/tf/function for  more details.
2025-08-24 08:49:51,315 [INFO] Model adjusted due to high RMSE: 6.57
2025-08-24 08:49:51,334 [INFO] Model saved/updated. Last RMSE: 6.57
2025-08-24 08:49:51,485 [INFO] 127.0.0.1 - - [24/Aug/2025 08:49:51] "POST / HTTP/1.1" 200 -
2025-08-24 08:58:05,268 [INFO]  * Detected change in 'D:\\Users\\Nadia\\MyProjects\\aapl_stock_app\\app.py', reloading
2025-08-24 08:58:06,069 [INFO]  * Restarting with stat
2025-08-24 08:58:11,052 [WARNING]  * Debugger is active!
2025-08-24 08:58:11,054 [INFO]  * Debugger PIN: 431-673-064
2025-08-24 08:58:34,566 [INFO]  * Detected change in 'D:\\Users\\Nadia\\MyProjects\\aapl_stock_app\\app.py', reloading
2025-08-24 08:58:35,144 [INFO]  * Restarting with stat
2025-08-24 08:58:39,806 [WARNING]  * Debugger is active!
2025-08-24 08:58:39,806 [INFO]  * Debugger PIN: 431-673-064
2025-08-24 08:59:06,523 [INFO] 127.0.0.1 - - [24/Aug/2025 08:59:06] "POST / HTTP/1.1" 200 -
2025-08-24 08:59:30,941 [INFO] 127.0.0.1 - - [24/Aug/2025 08:59:30] "POST / HTTP/1.1" 200 -
2025-08-24 08:59:50,215 [INFO] 127.0.0.1 - - [24/Aug/2025 08:59:50] "POST / HTTP/1.1" 200 -
2025-08-24 09:00:45,951 [INFO] 127.0.0.1 - - [24/Aug/2025 09:00:45] "POST / HTTP/1.1" 200 -
2025-08-24 09:01:47,286 [INFO] 127.0.0.1 - - [24/Aug/2025 09:01:47] "POST / HTTP/1.1" 200 -
